<?xml version="1.0" encoding="UTF-8"?>
<testsuite xmlns:xsi="http://www.w3.org/2001/XMLSchema-instance" xsi:noNamespaceSchemaLocation="https://maven.apache.org/surefire/maven-surefire-plugin/xsd/surefire-test-report.xsd" name="AppTest" time="0.022" tests="4" errors="0" skipped="0" failures="0">
  <properties>
[...]
</properties>
  <testcase name="testCalcTFour" classname="AppTest" time="0.01"/>
  <testcase name="testCalcThree" classname="AppTest" time="0"/>
  <testcase name="testCalcOne" classname="AppTest" time="0"/>
  <testcase name="testCalcTwo" classname="AppTest" time="0"/>
</testsuite>